#
# There is insufficient memory for the Java Runtime Environment to continue.
# Native memory allocation (malloc) failed to allocate 1048576 bytes. Error detail: AllocateHeap
# Possible reasons:
#   The system is out of physical RAM or swap space
#   This process is running with CompressedOops enabled, and the Java Heap may be blocking the growth of the native heap
# Possible solutions:
#   Reduce memory load on the system
#   Increase physical memory or swap space
#   Check if swap backing store is full
#   Decrease Java heap size (-Xmx/-Xms)
#   Decrease number of Java threads
#   Decrease Java thread stack sizes (-Xss)
#   Set larger code cache with -XX:ReservedCodeCacheSize=
#   JVM is running with Unscaled Compressed Oops mode in which the Java heap is
#     placed in the first 4GB address space. The Java Heap base address is the
#     maximum limit for the native heap growth. Please use -XX:HeapBaseMinAddress
#     to set the Java Heap base and to place the Java Heap above 4GB virtual address.
# This output file may be truncated or incomplete.
#
#  Out of Memory Error (allocation.cpp:44), pid=876, tid=10148
#
# JRE version: OpenJDK Runtime Environment Temurin-21.0.10+7 (21.0.10+7) (build 21.0.10+7-LTS)
# Java VM: OpenJDK 64-Bit Server VM Temurin-21.0.10+7 (21.0.10+7-LTS, mixed mode, sharing, tiered, compressed oops, compressed class ptrs, parallel gc, windows-amd64)
# No core dump will be written. Minidumps are not enabled by default on client versions of Windows
#

---------------  S U M M A R Y ------------

Command Line: --add-modules=ALL-SYSTEM --add-opens=java.base/java.util=ALL-UNNAMED --add-opens=java.base/java.lang=ALL-UNNAMED --add-opens=java.base/sun.nio.fs=ALL-UNNAMED -Declipse.application=org.eclipse.jdt.ls.core.id1 -Dosgi.bundles.defaultStartLevel=4 -Declipse.product=org.eclipse.jdt.ls.core.product -Djava.import.generatesMetadataFilesAtProjectRoot=false -DDetectVMInstallationsJob.disabled=true -Dfile.encoding=utf8 -XX:+UseParallelGC -XX:GCTimeRatio=4 -XX:AdaptiveSizePolicyWeight=90 -Dsun.zip.disableMemoryMapping=true -Xmx2G -Xms100m -Xlog:disable -javaagent:c:\Users\ELCOT\.vscode\extensions\redhat.java-1.54.0-win32-x64\lombok\lombok-1.18.39-4050.jar -XX:+HeapDumpOnOutOfMemoryError -XX:HeapDumpPath=c:\Users\ELCOT\AppData\Roaming\Code\User\workspaceStorage\6857f2b16cdbe8fc007e0b4b72f69953\redhat.java -Daether.dependencyCollector.impl=bf c:\Users\ELCOT\.vscode\extensions\redhat.java-1.54.0-win32-x64\server\plugins\org.eclipse.equinox.launcher_1.7.100.v20251111-0406.jar -configuration c:\Users\ELCOT\AppData\Roaming\Code\User\globalStorage\redhat.java\1.54.0\config_win -data c:\Users\ELCOT\AppData\Roaming\Code\User\workspaceStorage\6857f2b16cdbe8fc007e0b4b72f69953\redhat.java\jdt_ws --pipe=\\.\pipe\lsp-8d57c18aaca12ede1302b61eae4d14d9-sock

Host: AMD Ryzen 3 7320U with Radeon Graphics         , 8 cores, 7G,  Windows 11 , 64 bit Build 26100 (10.0.26100.8328)
Time: Mon Jun  8 18:24:54 2026 India Standard Time elapsed time: 8441.562716 seconds (0d 2h 20m 41s)

---------------  T H R E A D  ---------------

Current thread (0x00000261e42d74a0):  JavaThread "Attach Listener" daemon [_thread_in_vm, id=10148, stack(0x0000006d3d800000,0x0000006d3d900000) (1024K)]

Stack: [0x0000006d3d800000,0x0000006d3d900000]
Native frames: (J=compiled Java code, j=interpreted, Vv=VM code, C=native code)
V  [jvm.dll+0x6d7a39]
V  [jvm.dll+0x8b4b26]
V  [jvm.dll+0x8b70de]
V  [jvm.dll+0x8b77c3]
V  [jvm.dll+0x284346]
V  [jvm.dll+0xc1277]
V  [jvm.dll+0x6d82e9]
V  [jvm.dll+0x1334a6]
V  [jvm.dll+0x3f857e]
V  [jvm.dll+0x85f59d]
V  [jvm.dll+0x6d626d]
C  [ucrtbase.dll+0x37b0]
C  [KERNEL32.DLL+0x2e957]
C  [ntdll.dll+0x427c]


---------------  P R O C E S S  ---------------

Threads class SMR info:
_java_thread_list=0x00000261ef9f27d0, length=35, elements={
0x00000261cd85b680, 0x00000261e42cd7d0, 0x00000261e42d0dc0, 0x00000261e42d4930,
0x00000261e42d74a0, 0x00000261e42d7f00, 0x00000261e42d9ec0, 0x00000261e42deee0,
0x00000261e42f3540, 0x00000261e5d44520, 0x00000261e5e8af60, 0x00000261ea4bb820,
0x00000261ea4bbeb0, 0x00000261ea4bd260, 0x00000261ea4bc540, 0x00000261ea4bcbd0,
0x00000261ea4bd8f0, 0x00000261ea4bdf80, 0x00000261eaad6fd0, 0x00000261eaad62b0,
0x00000261eaad4870, 0x00000261eaad3b50, 0x00000261eaad4f00, 0x00000261eaad41e0,
0x00000261eaad7660, 0x00000261eaad5590, 0x00000261eaad8380, 0x00000261eaadaae0,
0x00000261eaad9730, 0x00000261eaada450, 0x00000261eaadb170, 0x00000261eaad7cf0,
0x00000261eaad8a10, 0x00000261eaad90a0, 0x00000261f0309b60
}

Java Threads: ( => current thread )
  0x00000261cd85b680 JavaThread "main"                              [_thread_blocked, id=1004, stack(0x0000006d3d100000,0x0000006d3d200000) (1024K)]
  0x00000261e42cd7d0 JavaThread "Reference Handler"          daemon [_thread_blocked, id=2480, stack(0x0000006d3d500000,0x0000006d3d600000) (1024K)]
  0x00000261e42d0dc0 JavaThread "Finalizer"                  daemon [_thread_blocked, id=11292, stack(0x0000006d3d600000,0x0000006d3d700000) (1024K)]
  0x00000261e42d4930 JavaThread "Signal Dispatcher"          daemon [_thread_blocked, id=14836, stack(0x0000006d3d700000,0x0000006d3d800000) (1024K)]
=>0x00000261e42d74a0 JavaThread "Attach Listener"            daemon [_thread_in_vm, id=10148, stack(0x0000006d3d800000,0x0000006d3d900000) (1024K)]
  0x00000261e42d7f00 JavaThread "Service Thread"             daemon [_thread_blocked, id=4312, stack(0x0000006d3d900000,0x0000006d3da00000) (1024K)]
  0x00000261e42d9ec0 JavaThread "Monitor Deflation Thread"   daemon [_thread_blocked, id=9168, stack(0x0000006d3da00000,0x0000006d3db00000) (1024K)]
  0x00000261e42deee0 JavaThread "C2 CompilerThread0"         daemon [_thread_blocked, id=19412, stack(0x0000006d3db00000,0x0000006d3dc00000) (1024K)]
  0x00000261e42f3540 JavaThread "C1 CompilerThread0"         daemon [_thread_blocked, id=6996, stack(0x0000006d3dc00000,0x0000006d3dd00000) (1024K)]
  0x00000261e5d44520 JavaThread "Common-Cleaner"             daemon [_thread_blocked, id=19436, stack(0x0000006d3dd00000,0x0000006d3de00000) (1024K)]
  0x00000261e5e8af60 JavaThread "Notification Thread"        daemon [_thread_blocked, id=18848, stack(0x0000006d3df00000,0x0000006d3e000000) (1024K)]
  0x00000261ea4bb820 JavaThread "Active Thread: Equinox Container: ca260ae9-4d8f-4a1b-99ce-26e23a1e4753"        [_thread_blocked, id=19368, stack(0x0000006d3e700000,0x0000006d3e800000) (1024K)]
  0x00000261ea4bbeb0 JavaThread "Refresh Thread: Equinox Container: ca260ae9-4d8f-4a1b-99ce-26e23a1e4753" daemon [_thread_blocked, id=3912, stack(0x0000006d3e000000,0x0000006d3e100000) (1024K)]
  0x00000261ea4bd260 JavaThread "Framework Event Dispatcher: Equinox Container: ca260ae9-4d8f-4a1b-99ce-26e23a1e4753" daemon [_thread_blocked, id=15232, stack(0x0000006d3e800000,0x0000006d3e900000) (1024K)]
  0x00000261ea4bc540 JavaThread "Start Level: Equinox Container: ca260ae9-4d8f-4a1b-99ce-26e23a1e4753" daemon [_thread_blocked, id=11696, stack(0x0000006d3e900000,0x0000006d3ea00000) (1024K)]
  0x00000261ea4bcbd0 JavaThread "Bundle File Closer"         daemon [_thread_blocked, id=16368, stack(0x0000006d3eb00000,0x0000006d3ec00000) (1024K)]
  0x00000261ea4bd8f0 JavaThread "SCR Component Actor"        daemon [_thread_blocked, id=15904, stack(0x0000006d3ea00000,0x0000006d3eb00000) (1024K)]
  0x00000261ea4bdf80 JavaThread "Worker-JM"                         [_thread_blocked, id=17940, stack(0x0000006d3ee00000,0x0000006d3ef00000) (1024K)]
  0x00000261eaad6fd0 JavaThread "Java indexing"              daemon [_thread_blocked, id=13116, stack(0x0000006d3ed00000,0x0000006d3ee00000) (1024K)]
  0x00000261eaad62b0 JavaThread "Worker-2"                          [_thread_blocked, id=10428, stack(0x0000006d3f200000,0x0000006d3f300000) (1024K)]
  0x00000261eaad4870 JavaThread "JNA Cleaner"                daemon [_thread_blocked, id=13352, stack(0x0000006d3f400000,0x0000006d3f500000) (1024K)]
  0x00000261eaad3b50 JavaThread "Worker-5"                          [_thread_blocked, id=16016, stack(0x0000006d3f800000,0x0000006d3f900000) (1024K)]
  0x00000261eaad4f00 JavaThread "Thread-1"                   daemon [_thread_in_native, id=17656, stack(0x0000006d3f900000,0x0000006d3fa00000) (1024K)]
  0x00000261eaad41e0 JavaThread "Thread-2"                   daemon [_thread_in_native, id=18780, stack(0x0000006d3fa00000,0x0000006d3fb00000) (1024K)]
  0x00000261eaad7660 JavaThread "Thread-3"                   daemon [_thread_in_native, id=18992, stack(0x0000006d3fb00000,0x0000006d3fc00000) (1024K)]
  0x00000261eaad5590 JavaThread "Thread-4"                   daemon [_thread_in_native, id=6056, stack(0x0000006d3fc00000,0x0000006d3fd00000) (1024K)]
  0x00000261eaad8380 JavaThread "Thread-5"                   daemon [_thread_in_native, id=19192, stack(0x0000006d3fd00000,0x0000006d3fe00000) (1024K)]
  0x00000261eaadaae0 JavaThread "Thread-6"                   daemon [_thread_in_native, id=11044, stack(0x0000006d3fe00000,0x0000006d3ff00000) (1024K)]
  0x00000261eaad9730 JavaThread "Thread-7"                   daemon [_thread_in_native, id=18244, stack(0x0000006d3ff00000,0x0000006d40000000) (1024K)]
  0x00000261eaada450 JavaThread "Thread-8"                   daemon [_thread_in_native, id=3588, stack(0x0000006d40000000,0x0000006d40100000) (1024K)]
  0x00000261eaadb170 JavaThread "Thread-9"                   daemon [_thread_in_native, id=16716, stack(0x0000006d40100000,0x0000006d40200000) (1024K)]
  0x00000261eaad7cf0 JavaThread "pool-2-thread-1"                   [_thread_blocked, id=18168, stack(0x0000006d40200000,0x0000006d40300000) (1024K)]
  0x00000261eaad8a10 JavaThread "WorkspaceEventsHandler"            [_thread_blocked, id=2676, stack(0x0000006d40300000,0x0000006d40400000) (1024K)]
  0x00000261eaad90a0 JavaThread "pool-1-thread-1"                   [_thread_blocked, id=18296, stack(0x0000006d40400000,0x0000006d40500000) (1024K)]
  0x00000261f0309b60 JavaThread "Cleaner-0"                  daemon [_thread_blocked, id=8424, stack(0x0000006d41a00000,0x0000006d41b00000) (1024K)]
Total: 35

Other Threads:
  0x00000261cd91e990 VMThread "VM Thread"                           [id=17552, stack(0x0000006d3d400000,0x0000006d3d500000) (1024K)]
  0x00000261e41eca00 WatcherThread "VM Periodic Task Thread"        [id=204, stack(0x0000006d3d300000,0x0000006d3d400000) (1024K)]
  0x00000261cd879890 WorkerThread "GC Thread#0"                     [id=19292, stack(0x0000006d3d200000,0x0000006d3d300000) (1024K)]
  0x00000261ea742ce0 WorkerThread "GC Thread#1"                     [id=11656, stack(0x0000006d3e100000,0x0000006d3e200000) (1024K)]
  0x00000261ea5ec490 WorkerThread "GC Thread#2"                     [id=19408, stack(0x0000006d3e200000,0x0000006d3e300000) (1024K)]
  0x00000261ea703090 WorkerThread "GC Thread#3"                     [id=14932, stack(0x0000006d3e300000,0x0000006d3e400000) (1024K)]
  0x00000261ea6a5da0 WorkerThread "GC Thread#4"                     [id=5044, stack(0x0000006d3e400000,0x0000006d3e500000) (1024K)]
  0x00000261ea6a6550 WorkerThread "GC Thread#5"                     [id=18112, stack(0x0000006d3e500000,0x0000006d3e600000) (1024K)]
  0x00000261ea6a6900 WorkerThread "GC Thread#6"                     [id=7696, stack(0x0000006d3e600000,0x0000006d3e700000) (1024K)]
  0x00000261e430c180 WorkerThread "GC Thread#7"                     [id=11996, stack(0x0000006d3de00000,0x0000006d3df00000) (1024K)]
Total: 10

Threads with active compile tasks:
Total: 0

VM state: not at safepoint (normal execution)

VM Mutex/Monitor currently owned by a thread: None

Heap address: 0x0000000080000000, size: 2048 MB, Compressed Oops mode: 32-bit

CDS archive(s) mapped at: [0x0000026180000000-0x0000026180ba0000-0x0000026180ba0000), size 12189696, SharedBaseAddress: 0x0000026180000000, ArchiveRelocationMode: 1.
Compressed class space mapped at: 0x0000026181000000-0x00000261c1000000, reserved size: 1073741824
Narrow klass base: 0x0000026180000000, Narrow klass shift: 0, Narrow klass range: 0x100000000

GC Precious Log:
 CardTable entry size: 512
 CPUs: 8 total, 8 available
 Memory: 7412M
 Large Page Support: Disabled
 NUMA Support: Disabled
 Compressed Oops: Enabled (32-bit)
 Alignments: Space 512K, Generation 512K, Heap 2M
 Heap Min Capacity: 100M
 Heap Initial Capacity: 100M
 Heap Max Capacity: 2G
 Pre-touch: Disabled
 Parallel Workers: 8

Heap:
 PSYoungGen      total 6144K, used 5775K [0x00000000d5580000, 0x00000000d5e80000, 0x0000000100000000)
  eden space 5632K, 94% used [0x00000000d5580000,0x00000000d5aad6d8,0x00000000d5b00000)
  from space 512K, 92% used [0x00000000d5d80000,0x00000000d5df6900,0x00000000d5e00000)
  to   space 512K, 0% used [0x00000000d5e00000,0x00000000d5e00000,0x00000000d5e80000)
 ParOldGen       total 1171968K, used 361503K [0x0000000080000000, 0x00000000c7880000, 0x00000000d5580000)
  object space 1171968K, 30% used [0x0000000080000000,0x0000000096107d40,0x00000000c7880000)
 Metaspace       used 78763K, committed 80448K, reserved 1179648K
  class space    used 8086K, committed 8832K, reserved 1048576K

Card table byte_map: [0x00000261cd230000,0x00000261cd640000] _byte_map_base: 0x00000261cce30000

Marking Bits: (ParMarkBitMap*) 0x00007ffe79553450
 Begin Bits: [0x00000261dfd10000, 0x00000261e1d10000)
 End Bits:   [0x00000261e1d10000, 0x00000261e3d10000)

Polling page: 0x00000261cd020000

Metaspace:

Usage:
  Non-class:     69.02 MB used.
      Class:      7.90 MB used.
       Both:     76.92 MB used.

Virtual space:
  Non-class space:      128.00 MB reserved,      69.94 MB ( 55%) committed,  2 nodes.
      Class space:        1.00 GB reserved,       8.62 MB ( <1%) committed,  1 nodes.
             Both:        1.12 GB reserved,      78.56 MB (  7%) committed. 

Chunk freelists:
   Non-Class:  9.50 MB
       Class:  7.32 MB
        Both:  16.82 MB

MaxMetaspaceSize: unlimited
CompressedClassSpaceSize: 1.00 GB
Initial GC threshold: 21.00 MB
Current GC threshold: 130.00 MB
CDS: on
 - commit_granule_bytes: 65536.
 - commit_granule_words: 8192.
 - virtual_space_node_default_size: 8388608.
 - enlarge_chunks_in_place: 1.
 - use_allocation_guard: 0.


Internal statistics:

num_allocs_failed_limit: 11.
num_arena_births: 1414.
num_arena_deaths: 26.
num_vsnodes_births: 3.
num_vsnodes_deaths: 0.
num_space_committed: 1257.
num_space_uncommitted: 0.
num_chunks_returned_to_freelist: 43.
num_chunks_taken_from_freelist: 5057.
num_chunk_merges: 23.
num_chunk_splits: 3060.
num_chunks_enlarged: 1709.
num_inconsistent_stats: 0.

CodeHeap 'non-profiled nmethods': size=120000Kb used=13701Kb max_used=13730Kb free=106299Kb
 bounds [0x00000261d8530000, 0x00000261d92b0000, 0x00000261dfa60000]
CodeHeap 'profiled nmethods': size=120000Kb used=37535Kb max_used=38313Kb free=82464Kb
 bounds [0x00000261d0a60000, 0x00000261d3000000, 0x00000261d7f90000]
CodeHeap 'non-nmethods': size=5760Kb used=1509Kb max_used=1635Kb free=4250Kb
 bounds [0x00000261d7f90000, 0x00000261d8200000, 0x00000261d8530000]
CodeCache: size=245760Kb, used=52745Kb, max_used=53678Kb, free=193013Kb
 total_blobs=16374, nmethods=15546, adapters=733, full_count=0
Compilation: enabled, stopped_count=0, restarted_count=0

Compilation events (20 events):
Event: 7504.480 Thread 0x00000261e42f3540 17242       3       org.eclipse.osgi.storage.Storage::isReadOnly (10 bytes)
Event: 7504.485 Thread 0x00000261e42f3540 nmethod 17242 0x00000261d1b97f10 code [0x00000261d1b980c0, 0x00000261d1b98240]
Event: 7527.188 Thread 0x00000261e42f3540 17243       3       org.eclipse.core.internal.jobs.JobListeners::queueAboutToRun (17 bytes)
Event: 7527.199 Thread 0x00000261e42deee0 17244       4       java.lang.Long::formatUnsignedLong0 (47 bytes)
Event: 7527.231 Thread 0x00000261e42f3540 nmethod 17243 0x00000261d1b97910 code [0x00000261d1b97ae0, 0x00000261d1b97dd8]
Event: 7527.235 Thread 0x00000261e42deee0 nmethod 17244 0x00000261d8871b10 code [0x00000261d8871ca0, 0x00000261d8871f58]
Event: 7684.548 Thread 0x00000261e42f3540 17245   !   3       org.eclipse.osgi.internal.framework.StorageSaver$StorageSaverTask::run (31 bytes)
Event: 7684.573 Thread 0x00000261e42f3540 nmethod 17245 0x00000261d177d290 code [0x00000261d177d460, 0x00000261d177d700]
Event: 7684.573 Thread 0x00000261e42f3540 17246   !   3       org.eclipse.osgi.storage.Storage::save (62 bytes)
Event: 7684.577 Thread 0x00000261e42f3540 nmethod 17246 0x00000261d177cb90 code [0x00000261d177cd80, 0x00000261d177d0f0]
Event: 7746.430 Thread 0x00000261e42f3540 17247       3       java.util.logging.Logger::getLogger (8 bytes)
Event: 7746.433 Thread 0x00000261e42f3540 nmethod 17247 0x00000261d1b97490 code [0x00000261d1b97660, 0x00000261d1b97820]
Event: 7746.433 Thread 0x00000261e42f3540 17248       3       java.util.logging.Logger::getLogger (7 bytes)
Event: 7746.433 Thread 0x00000261e42f3540 nmethod 17248 0x00000261d1472a90 code [0x00000261d1472c40, 0x00000261d1472d68]
Event: 7746.433 Thread 0x00000261e42f3540 17249       3       java.util.logging.Logger::demandLogger (36 bytes)
Event: 7746.439 Thread 0x00000261e42f3540 nmethod 17249 0x00000261d1103710 code [0x00000261d11039a0, 0x00000261d1104450]
Event: 8296.240 Thread 0x00000261e42deee0 17250       4       java.util.concurrent.ThreadPoolExecutor::beforeExecute (1 bytes)
Event: 8296.247 Thread 0x00000261e42deee0 nmethod 17250 0x00000261d8871810 code [0x00000261d88719a0, 0x00000261d8871a28]
Event: 8366.284 Thread 0x00000261e42deee0 17251       4       java.util.concurrent.ThreadPoolExecutor::afterExecute (1 bytes)
Event: 8366.284 Thread 0x00000261e42deee0 nmethod 17251 0x00000261d8871510 code [0x00000261d88716a0, 0x00000261d8871728]

GC Heap History (20 events):
Event: 129.365 GC heap before
{Heap before GC invocations=976 (full 4):
 PSYoungGen      total 5632K, used 5617K [0x00000000d5580000, 0x00000000d6500000, 0x0000000100000000)
  eden space 3584K, 100% used [0x00000000d5580000,0x00000000d5900000,0x00000000d5900000)
  from space 2048K, 99% used [0x00000000d5900000,0x00000000d5afc540,0x00000000d5b00000)
  to   space 5632K, 0% used [0x00000000d5f80000,0x00000000d5f80000,0x00000000d6500000)
 ParOldGen       total 1171968K, used 316991K [0x0000000080000000, 0x00000000c7880000, 0x00000000d5580000)
  object space 1171968K, 27% used [0x0000000080000000,0x000000009358fe10,0x00000000c7880000)
 Metaspace       used 78418K, committed 80128K, reserved 1179648K
  class space    used 8077K, committed 8832K, reserved 1048576K
}
Event: 129.368 GC heap after
{Heap after GC invocations=976 (full 4):
 PSYoungGen      total 7680K, used 2624K [0x00000000d5580000, 0x00000000d6280000, 0x0000000100000000)
  eden space 4608K, 0% used [0x00000000d5580000,0x00000000d5580000,0x00000000d5a00000)
  from space 3072K, 85% used [0x00000000d5f80000,0x00000000d6210000,0x00000000d6280000)
  to   space 3584K, 0% used [0x00000000d5b80000,0x00000000d5b80000,0x00000000d5f00000)
 ParOldGen       total 1171968K, used 317199K [0x0000000080000000, 0x00000000c7880000, 0x00000000d5580000)
  object space 1171968K, 27% used [0x0000000080000000,0x00000000935c3e10,0x00000000c7880000)
 Metaspace       used 78418K, committed 80128K, reserved 1179648K
  class space    used 8077K, committed 8832K, reserved 1048576K
}
Event: 129.421 GC heap before
{Heap before GC invocations=977 (full 4):
 PSYoungGen      total 7680K, used 7232K [0x00000000d5580000, 0x00000000d6280000, 0x0000000100000000)
  eden space 4608K, 100% used [0x00000000d5580000,0x00000000d5a00000,0x00000000d5a00000)
  from space 3072K, 85% used [0x00000000d5f80000,0x00000000d6210000,0x00000000d6280000)
  to   space 3584K, 0% used [0x00000000d5b80000,0x00000000d5b80000,0x00000000d5f00000)
 ParOldGen       total 1171968K, used 317199K [0x0000000080000000, 0x00000000c7880000, 0x00000000d5580000)
  object space 1171968K, 27% used [0x0000000080000000,0x00000000935c3e10,0x00000000c7880000)
 Metaspace       used 78420K, committed 80128K, reserved 1179648K
  class space    used 8077K, committed 8832K, reserved 1048576K
}
Event: 129.425 GC heap after
{Heap after GC invocations=977 (full 4):
 PSYoungGen      total 8192K, used 3573K [0x00000000d5580000, 0x00000000d6800000, 0x0000000100000000)
  eden space 4608K, 0% used [0x00000000d5580000,0x00000000d5580000,0x00000000d5a00000)
  from space 3584K, 99% used [0x00000000d5b80000,0x00000000d5efd720,0x00000000d5f00000)
  to   space 7168K, 0% used [0x00000000d6100000,0x00000000d6100000,0x00000000d6800000)
 ParOldGen       total 1171968K, used 319695K [0x0000000080000000, 0x00000000c7880000, 0x00000000d5580000)
  object space 1171968K, 27% used [0x0000000080000000,0x0000000093833e10,0x00000000c7880000)
 Metaspace       used 78420K, committed 80128K, reserved 1179648K
  class space    used 8077K, committed 8832K, reserved 1048576K
}
Event: 129.443 GC heap before
{Heap before GC invocations=978 (full 4):
 PSYoungGen      total 8192K, used 8181K [0x00000000d5580000, 0x00000000d6800000, 0x0000000100000000)
  eden space 4608K, 100% used [0x00000000d5580000,0x00000000d5a00000,0x00000000d5a00000)
  from space 3584K, 99% used [0x00000000d5b80000,0x00000000d5efd720,0x00000000d5f00000)
  to   space 7168K, 0% used [0x00000000d6100000,0x00000000d6100000,0x00000000d6800000)
 ParOldGen       total 1171968K, used 319695K [0x0000000080000000, 0x00000000c7880000, 0x00000000d5580000)
  object space 1171968K, 27% used [0x0000000080000000,0x0000000093833e10,0x00000000c7880000)
 Metaspace       used 78420K, committed 80128K, reserved 1179648K
  class space    used 8077K, committed 8832K, reserved 1048576K
}
Event: 129.450 GC heap after
{Heap after GC invocations=978 (full 4):
 PSYoungGen      total 10240K, used 4432K [0x00000000d5580000, 0x00000000d6580000, 0x0000000100000000)
  eden space 5632K, 0% used [0x00000000d5580000,0x00000000d5580000,0x00000000d5b00000)
  from space 4608K, 96% used [0x00000000d6100000,0x00000000d6554000,0x00000000d6580000)
  to   space 5120K, 0% used [0x00000000d5b80000,0x00000000d5b80000,0x00000000d6080000)
 ParOldGen       total 1171968K, used 323931K [0x0000000080000000, 0x00000000c7880000, 0x00000000d5580000)
  object space 1171968K, 27% used [0x0000000080000000,0x0000000093c56c50,0x00000000c7880000)
 Metaspace       used 78420K, committed 80128K, reserved 1179648K
  class space    used 8077K, committed 8832K, reserved 1048576K
}
Event: 129.721 GC heap before
{Heap before GC invocations=979 (full 4):
 PSYoungGen      total 10240K, used 10064K [0x00000000d5580000, 0x00000000d6580000, 0x0000000100000000)
  eden space 5632K, 100% used [0x00000000d5580000,0x00000000d5b00000,0x00000000d5b00000)
  from space 4608K, 96% used [0x00000000d6100000,0x00000000d6554000,0x00000000d6580000)
  to   space 5120K, 0% used [0x00000000d5b80000,0x00000000d5b80000,0x00000000d6080000)
 ParOldGen       total 1171968K, used 323931K [0x0000000080000000, 0x00000000c7880000, 0x00000000d5580000)
  object space 1171968K, 27% used [0x0000000080000000,0x0000000093c56c50,0x00000000c7880000)
 Metaspace       used 78423K, committed 80128K, reserved 1179648K
  class space    used 8077K, committed 8832K, reserved 1048576K
}
Event: 129.727 GC heap after
{Heap after GC invocations=979 (full 4):
 PSYoungGen      total 8192K, used 2329K [0x00000000d5580000, 0x00000000d6200000, 0x0000000100000000)
  eden space 5632K, 0% used [0x00000000d5580000,0x00000000d5580000,0x00000000d5b00000)
  from space 2560K, 91% used [0x00000000d5b80000,0x00000000d5dc66b0,0x00000000d5e00000)
  to   space 3584K, 0% used [0x00000000d5e80000,0x00000000d5e80000,0x00000000d6200000)
 ParOldGen       total 1171968K, used 328003K [0x0000000080000000, 0x00000000c7880000, 0x00000000d5580000)
  object space 1171968K, 27% used [0x0000000080000000,0x0000000094050c50,0x00000000c7880000)
 Metaspace       used 78423K, committed 80128K, reserved 1179648K
  class space    used 8077K, committed 8832K, reserved 1048576K
}
Event: 129.970 GC heap before
{Heap before GC invocations=980 (full 4):
 PSYoungGen      total 8192K, used 7961K [0x00000000d5580000, 0x00000000d6200000, 0x0000000100000000)
  eden space 5632K, 99% used [0x00000000d5580000,0x00000000d5afffe8,0x00000000d5b00000)
  from space 2560K, 91% used [0x00000000d5b80000,0x00000000d5dc66b0,0x00000000d5e00000)
  to   space 3584K, 0% used [0x00000000d5e80000,0x00000000d5e80000,0x00000000d6200000)
 ParOldGen       total 1171968K, used 328003K [0x0000000080000000, 0x00000000c7880000, 0x00000000d5580000)
  object space 1171968K, 27% used [0x0000000080000000,0x0000000094050c50,0x00000000c7880000)
 Metaspace       used 78498K, committed 80256K, reserved 1179648K
  class space    used 8082K, committed 8832K, reserved 1048576K
}
Event: 129.972 GC heap after
{Heap after GC invocations=980 (full 4):
 PSYoungGen      total 6656K, used 836K [0x00000000d5580000, 0x00000000d5f80000, 0x0000000100000000)
  eden space 5632K, 0% used [0x00000000d5580000,0x00000000d5580000,0x00000000d5b00000)
  from space 1024K, 81% used [0x00000000d5e80000,0x00000000d5f51210,0x00000000d5f80000)
  to   space 2048K, 0% used [0x00000000d5b80000,0x00000000d5b80000,0x00000000d5d80000)
 ParOldGen       total 1171968K, used 329936K [0x0000000080000000, 0x00000000c7880000, 0x00000000d5580000)
  object space 1171968K, 28% used [0x0000000080000000,0x00000000942343b8,0x00000000c7880000)
 Metaspace       used 78498K, committed 80256K, reserved 1179648K
  class space    used 8082K, committed 8832K, reserved 1048576K
}
Event: 130.004 GC heap before
{Heap before GC invocations=981 (full 4):
 PSYoungGen      total 6656K, used 6468K [0x00000000d5580000, 0x00000000d5f80000, 0x0000000100000000)
  eden space 5632K, 99% used [0x00000000d5580000,0x00000000d5affff8,0x00000000d5b00000)
  from space 1024K, 81% used [0x00000000d5e80000,0x00000000d5f51210,0x00000000d5f80000)
  to   space 2048K, 0% used [0x00000000d5b80000,0x00000000d5b80000,0x00000000d5d80000)
 ParOldGen       total 1171968K, used 329936K [0x0000000080000000, 0x00000000c7880000, 0x00000000d5580000)
  object space 1171968K, 28% used [0x0000000080000000,0x00000000942343b8,0x00000000c7880000)
 Metaspace       used 78510K, committed 80256K, reserved 1179648K
  class space    used 8082K, committed 8832K, reserved 1048576K
}
Event: 130.005 GC heap after
{Heap after GC invocations=981 (full 4):
 PSYoungGen      total 7680K, used 794K [0x00000000d5580000, 0x00000000d5f00000, 0x0000000100000000)
  eden space 5632K, 0% used [0x00000000d5580000,0x00000000d5580000,0x00000000d5b00000)
  from space 2048K, 38% used [0x00000000d5b80000,0x00000000d5c46900,0x00000000d5d80000)
  to   space 1024K, 0% used [0x00000000d5e00000,0x00000000d5e00000,0x00000000d5f00000)
 ParOldGen       total 1171968K, used 330492K [0x0000000080000000, 0x00000000c7880000, 0x00000000d5580000)
  object space 1171968K, 28% used [0x0000000080000000,0x00000000942bf2f8,0x00000000c7880000)
 Metaspace       used 78510K, committed 80256K, reserved 1179648K
  class space    used 8082K, committed 8832K, reserved 1048576K
}
Event: 130.598 GC heap before
{Heap before GC invocations=982 (full 4):
 PSYoungGen      total 7680K, used 6426K [0x00000000d5580000, 0x00000000d5f00000, 0x0000000100000000)
  eden space 5632K, 100% used [0x00000000d5580000,0x00000000d5b00000,0x00000000d5b00000)
  from space 2048K, 38% used [0x00000000d5b80000,0x00000000d5c46900,0x00000000d5d80000)
  to   space 1024K, 0% used [0x00000000d5e00000,0x00000000d5e00000,0x00000000d5f00000)
 ParOldGen       total 1171968K, used 330492K [0x0000000080000000, 0x00000000c7880000, 0x00000000d5580000)
  object space 1171968K, 28% used [0x0000000080000000,0x00000000942bf2f8,0x00000000c7880000)
 Metaspace       used 78584K, committed 80320K, reserved 1179648K
  class space    used 8082K, committed 8832K, reserved 1048576K
}
Event: 130.600 GC heap after
{Heap after GC invocations=982 (full 4):
 PSYoungGen      total 6144K, used 272K [0x00000000d5580000, 0x00000000d5e80000, 0x0000000100000000)
  eden space 5632K, 0% used [0x00000000d5580000,0x00000000d5580000,0x00000000d5b00000)
  from space 512K, 53% used [0x00000000d5e00000,0x00000000d5e44010,0x00000000d5e80000)
  to   space 512K, 0% used [0x00000000d5d80000,0x00000000d5d80000,0x00000000d5e00000)
 ParOldGen       total 1171968K, used 330516K [0x0000000080000000, 0x00000000c7880000, 0x00000000d5580000)
  object space 1171968K, 28% used [0x0000000080000000,0x00000000942c52f8,0x00000000c7880000)
 Metaspace       used 78584K, committed 80320K, reserved 1179648K
  class space    used 8082K, committed 8832K, reserved 1048576K
}
Event: 130.653 GC heap before
{Heap before GC invocations=983 (full 4):
 PSYoungGen      total 6144K, used 5904K [0x00000000d5580000, 0x00000000d5e80000, 0x0000000100000000)
  eden space 5632K, 100% used [0x00000000d5580000,0x00000000d5b00000,0x00000000d5b00000)
  from space 512K, 53% used [0x00000000d5e00000,0x00000000d5e44010,0x00000000d5e80000)
  to   space 512K, 0% used [0x00000000d5d80000,0x00000000d5d80000,0x00000000d5e00000)
 ParOldGen       total 1171968K, used 330516K [0x0000000080000000, 0x00000000c7880000, 0x00000000d5580000)
  object space 1171968K, 28% used [0x0000000080000000,0x00000000942c52f8,0x00000000c7880000)
 Metaspace       used 78618K, committed 80320K, reserved 1179648K
  class space    used 8082K, committed 8832K, reserved 1048576K
}
Event: 130.656 GC heap after
{Heap after GC invocations=983 (full 4):
 PSYoungGen      total 6144K, used 192K [0x00000000d5580000, 0x00000000d5e80000, 0x0000000100000000)
  eden space 5632K, 0% used [0x00000000d5580000,0x00000000d5580000,0x00000000d5b00000)
  from space 512K, 37% used [0x00000000d5d80000,0x00000000d5db0000,0x00000000d5e00000)
  to   space 512K, 0% used [0x00000000d5e00000,0x00000000d5e00000,0x00000000d5e80000)
 ParOldGen       total 1171968K, used 330634K [0x0000000080000000, 0x00000000c7880000, 0x00000000d5580000)
  object space 1171968K, 28% used [0x0000000080000000,0x00000000942e2bb0,0x00000000c7880000)
 Metaspace       used 78618K, committed 80320K, reserved 1179648K
  class space    used 8082K, committed 8832K, reserved 1048576K
}
Event: 135.183 GC heap before
{Heap before GC invocations=984 (full 4):
 PSYoungGen      total 6144K, used 5824K [0x00000000d5580000, 0x00000000d5e80000, 0x0000000100000000)
  eden space 5632K, 100% used [0x00000000d5580000,0x00000000d5b00000,0x00000000d5b00000)
  from space 512K, 37% used [0x00000000d5d80000,0x00000000d5db0000,0x00000000d5e00000)
  to   space 512K, 0% used [0x00000000d5e00000,0x00000000d5e00000,0x00000000d5e80000)
 ParOldGen       total 1171968K, used 361354K [0x0000000080000000, 0x00000000c7880000, 0x00000000d5580000)
  object space 1171968K, 30% used [0x0000000080000000,0x00000000960e2be0,0x00000000c7880000)
 Metaspace       used 78671K, committed 80384K, reserved 1179648K
  class space    used 8082K, committed 8832K, reserved 1048576K
}
Event: 135.185 GC heap after
{Heap after GC invocations=984 (full 4):
 PSYoungGen      total 6144K, used 192K [0x00000000d5580000, 0x00000000d5e80000, 0x0000000100000000)
  eden space 5632K, 0% used [0x00000000d5580000,0x00000000d5580000,0x00000000d5b00000)
  from space 512K, 37% used [0x00000000d5e00000,0x00000000d5e30000,0x00000000d5e80000)
  to   space 512K, 0% used [0x00000000d5d80000,0x00000000d5d80000,0x00000000d5e00000)
 ParOldGen       total 1171968K, used 361426K [0x0000000080000000, 0x00000000c7880000, 0x00000000d5580000)
  object space 1171968K, 30% used [0x0000000080000000,0x00000000960f4be0,0x00000000c7880000)
 Metaspace       used 78671K, committed 80384K, reserved 1179648K
  class space    used 8082K, committed 8832K, reserved 1048576K
}
Event: 135.316 GC heap before
{Heap before GC invocations=985 (full 4):
 PSYoungGen      total 6144K, used 5824K [0x00000000d5580000, 0x00000000d5e80000, 0x0000000100000000)
  eden space 5632K, 100% used [0x00000000d5580000,0x00000000d5b00000,0x00000000d5b00000)
  from space 512K, 37% used [0x00000000d5e00000,0x00000000d5e30000,0x00000000d5e80000)
  to   space 512K, 0% used [0x00000000d5d80000,0x00000000d5d80000,0x00000000d5e00000)
 ParOldGen       total 1171968K, used 361426K [0x0000000080000000, 0x00000000c7880000, 0x00000000d5580000)
  object space 1171968K, 30% used [0x0000000080000000,0x00000000960f4be0,0x00000000c7880000)
 Metaspace       used 78678K, committed 80384K, reserved 1179648K
  class space    used 8082K, committed 8832K, reserved 1048576K
}
Event: 135.318 GC heap after
{Heap after GC invocations=985 (full 4):
 PSYoungGen      total 6144K, used 474K [0x00000000d5580000, 0x00000000d5e80000, 0x0000000100000000)
  eden space 5632K, 0% used [0x00000000d5580000,0x00000000d5580000,0x00000000d5b00000)
  from space 512K, 92% used [0x00000000d5d80000,0x00000000d5df6900,0x00000000d5e00000)
  to   space 512K, 0% used [0x00000000d5e00000,0x00000000d5e00000,0x00000000d5e80000)
 ParOldGen       total 1171968K, used 361503K [0x0000000080000000, 0x00000000c7880000, 0x00000000d5580000)
  object space 1171968K, 30% used [0x0000000080000000,0x0000000096107d40,0x00000000c7880000)
 Metaspace       used 78678K, committed 80384K, reserved 1179648K
  class space    used 8082K, committed 8832K, reserved 1048576K
}

Dll operation events (14 events):
Event: 0.195 Loaded shared library c:\Users\ELCOT\.vscode\extensions\redhat.java-1.54.0-win32-x64\jre\21.0.10-win32-x86_64\bin\java.dll
Event: 0.338 Loaded shared library c:\Users\ELCOT\.vscode\extensions\redhat.java-1.54.0-win32-x64\jre\21.0.10-win32-x86_64\bin\zip.dll
Event: 0.370 Loaded shared library C:\Users\ELCOT\.vscode\extensions\redhat.java-1.54.0-win32-x64\jre\21.0.10-win32-x86_64\bin\instrument.dll
Event: 0.480 Loaded shared library C:\Users\ELCOT\.vscode\extensions\redhat.java-1.54.0-win32-x64\jre\21.0.10-win32-x86_64\bin\net.dll
Event: 0.556 Loaded shared library C:\Users\ELCOT\.vscode\extensions\redhat.java-1.54.0-win32-x64\jre\21.0.10-win32-x86_64\bin\nio.dll
Event: 0.559 Loaded shared library C:\Users\ELCOT\.vscode\extensions\redhat.java-1.54.0-win32-x64\jre\21.0.10-win32-x86_64\bin\zip.dll
Event: 0.583 Loaded shared library C:\Users\ELCOT\.vscode\extensions\redhat.java-1.54.0-win32-x64\jre\21.0.10-win32-x86_64\bin\jimage.dll
Event: 0.744 Loaded shared library c:\Users\ELCOT\.vscode\extensions\redhat.java-1.54.0-win32-x64\jre\21.0.10-win32-x86_64\bin\verify.dll
Event: 12.151 Loaded shared library C:\Users\ELCOT\AppData\Roaming\Code\User\globalStorage\redhat.java\1.54.0\config_win\org.eclipse.equinox.launcher\org.eclipse.equinox.launcher.win32.win32.x86_64_1.3.0.v20260203-2149\eclipse_11919.dll
Event: 26.810 Loaded shared library C:\Users\ELCOT\.vscode\extensions\redhat.java-1.54.0-win32-x64\jre\21.0.10-win32-x86_64\bin\management.dll
Event: 26.812 Loaded shared library C:\Users\ELCOT\.vscode\extensions\redhat.java-1.54.0-win32-x64\jre\21.0.10-win32-x86_64\bin\management_ext.dll
Event: 28.684 Loaded shared library C:\Users\ELCOT\AppData\Local\Temp\jna-66053985\jna18303524736653904678.dll
Event: 29.217 Loaded shared library C:\Users\ELCOT\.vscode\extensions\redhat.java-1.54.0-win32-x64\jre\21.0.10-win32-x86_64\bin\sunmscapi.dll
Event: 29.870 Loaded shared library C:\Users\ELCOT\.vscode\extensions\redhat.java-1.54.0-win32-x64\jre\21.0.10-win32-x86_64\bin\extnet.dll

Deoptimization events (20 events):
Event: 130.002 Thread 0x00000261eaad6940 Uncommon trap: trap_request=0xffffffd6 fr.pc=0x00000261d8940994 relative=0x00000000000001f4
Event: 130.002 Thread 0x00000261eaad6940 Uncommon trap: reason=array_check action=maybe_recompile pc=0x00000261d8940994 method=java.util.LinkedHashMap.keysToArray([Ljava/lang/Object;Z)[Ljava/lang/Object; @ 67 c2
Event: 130.002 Thread 0x00000261eaad6940 DEOPT PACKING pc=0x00000261d8940994 sp=0x0000006d3f7fde90
Event: 130.002 Thread 0x00000261eaad6940 DEOPT UNPACKING pc=0x00000261d7fe3aa2 sp=0x0000006d3f7fde10 mode 2
Event: 130.002 Thread 0x00000261eaad6940 Uncommon trap: trap_request=0xffffffe4 fr.pc=0x00000261d894096c relative=0x00000000000001cc
Event: 130.002 Thread 0x00000261eaad6940 Uncommon trap: reason=range_check action=make_not_entrant pc=0x00000261d894096c method=java.util.LinkedHashMap.keysToArray([Ljava/lang/Object;Z)[Ljava/lang/Object; @ 67 c2
Event: 130.002 Thread 0x00000261eaad6940 DEOPT PACKING pc=0x00000261d894096c sp=0x0000006d3f7fd700
Event: 130.002 Thread 0x00000261eaad6940 DEOPT UNPACKING pc=0x00000261d7fe3aa2 sp=0x0000006d3f7fd680 mode 2
Event: 130.530 Thread 0x00000261eaad90a0 Uncommon trap: trap_request=0xffffffde fr.pc=0x00000261d8c8de90 relative=0x00000000000004b0
Event: 130.530 Thread 0x00000261eaad90a0 Uncommon trap: reason=class_check action=maybe_recompile pc=0x00000261d8c8de90 method=java.util.HashMap.removeNode(ILjava/lang/Object;Ljava/lang/Object;ZZ)Ljava/util/HashMap$Node; @ 143 c2
Event: 130.530 Thread 0x00000261eaad90a0 DEOPT PACKING pc=0x00000261d8c8de90 sp=0x0000006d404fe710
Event: 130.530 Thread 0x00000261eaad90a0 DEOPT UNPACKING pc=0x00000261d7fe3aa2 sp=0x0000006d404fe618 mode 2
Event: 130.536 Thread 0x00000261eaad90a0 DEOPT PACKING pc=0x00000261d2f2204d sp=0x0000006d404fe260
Event: 130.536 Thread 0x00000261eaad90a0 DEOPT UNPACKING pc=0x00000261d7fe4242 sp=0x0000006d404fd770 mode 0
Event: 134.884 Thread 0x00000261eaad90a0 Uncommon trap: trap_request=0xffffffd6 fr.pc=0x00000261d88cf878 relative=0x0000000000000d38
Event: 134.884 Thread 0x00000261eaad90a0 Uncommon trap: reason=array_check action=maybe_recompile pc=0x00000261d88cf878 method=com.google.gson.internal.GsonTypes$ParameterizedTypeImpl.<init>(Ljava/lang/reflect/Type;Ljava/lang/Class;[Ljava/lang/reflect/Type;)V @ 136 c2
Event: 134.884 Thread 0x00000261eaad90a0 DEOPT PACKING pc=0x00000261d88cf878 sp=0x0000006d404fed60
Event: 134.884 Thread 0x00000261eaad90a0 DEOPT UNPACKING pc=0x00000261d7fe3aa2 sp=0x0000006d404fec40 mode 2
Event: 135.319 Thread 0x00000261eaad3b50 DEOPT PACKING pc=0x00000261d2d84e76 sp=0x0000006d3f8fe900
Event: 135.319 Thread 0x00000261eaad3b50 DEOPT UNPACKING pc=0x00000261d7fe4242 sp=0x0000006d3f8fde38 mode 0

Classes loaded (20 events):
Event: 69.151 Loading class com/sun/org/apache/xerces/internal/xni/parser/XMLParseException
Event: 69.151 Loading class com/sun/org/apache/xerces/internal/xni/parser/XMLParseException done
Event: 69.221 Loading class java/util/stream/DistinctOps
Event: 69.222 Loading class java/util/stream/DistinctOps done
Event: 69.222 Loading class java/util/stream/DistinctOps$1
Event: 69.223 Loading class java/util/stream/DistinctOps$1 done
Event: 69.231 Loading class java/util/stream/DistinctOps$1$2
Event: 69.231 Loading class java/util/stream/DistinctOps$1$2 done
Event: 69.522 Loading class java/nio/BufferMismatch
Event: 69.522 Loading class java/nio/BufferMismatch done
Event: 72.682 Loading class java/util/stream/ReferencePipeline$4
Event: 72.682 Loading class java/util/stream/ReferencePipeline$4 done
Event: 72.682 Loading class java/util/stream/Nodes$IntFixedNodeBuilder
Event: 72.683 Loading class java/util/stream/Node$Builder$OfInt
Event: 72.683 Loading class java/util/stream/Node$Builder$OfInt done
Event: 72.683 Loading class java/util/stream/Nodes$IntArrayNode
Event: 72.684 Loading class java/util/stream/Nodes$IntArrayNode done
Event: 72.684 Loading class java/util/stream/Nodes$IntFixedNodeBuilder done
Event: 72.684 Loading class java/util/stream/ReferencePipeline$4$1
Event: 72.684 Loading class java/util/stream/ReferencePipeline$4$1 done

Classes unloaded (13 events):
Event: 27.645 Thread 0x00000261cd91e990 Unloading class 0x00000261811ab400 'java/lang/invoke/LambdaForm$MH+0x00000261811ab400'
Event: 27.645 Thread 0x00000261cd91e990 Unloading class 0x00000261811ab000 'java/lang/invoke/LambdaForm$MH+0x00000261811ab000'
Event: 27.645 Thread 0x00000261cd91e990 Unloading class 0x00000261811aac00 'java/lang/invoke/LambdaForm$MH+0x00000261811aac00'
Event: 27.645 Thread 0x00000261cd91e990 Unloading class 0x00000261811aa800 'java/lang/invoke/LambdaForm$MH+0x00000261811aa800'
Event: 27.645 Thread 0x00000261cd91e990 Unloading class 0x00000261811aa400 'java/lang/invoke/LambdaForm$BMH+0x00000261811aa400'
Event: 27.645 Thread 0x00000261cd91e990 Unloading class 0x00000261811aa000 'java/lang/invoke/LambdaForm$DMH+0x00000261811aa000'
Event: 27.645 Thread 0x00000261cd91e990 Unloading class 0x00000261811a8c00 'java/lang/invoke/LambdaForm$DMH+0x00000261811a8c00'
Event: 29.401 Thread 0x00000261cd91e990 Unloading class 0x0000026181316400 'java/lang/invoke/LambdaForm$MH+0x0000026181316400'
Event: 29.401 Thread 0x00000261cd91e990 Unloading class 0x0000026181316000 'java/lang/invoke/LambdaForm$DMH+0x0000026181316000'
Event: 42.143 Thread 0x00000261cd91e990 Unloading class 0x0000026181650800 'java/lang/invoke/LambdaForm$DMH+0x0000026181650800'
Event: 42.143 Thread 0x00000261cd91e990 Unloading class 0x0000026181650c00 'java/lang/invoke/LambdaForm$DMH+0x0000026181650c00'
Event: 42.143 Thread 0x00000261cd91e990 Unloading class 0x0000026181650400 'java/lang/invoke/LambdaForm$DMH+0x0000026181650400'
Event: 42.143 Thread 0x00000261cd91e990 Unloading class 0x000002618164bc00 'java/lang/invoke/LambdaForm$DMH+0x000002618164bc00'

Classes redefined (0 events):
No events

Internal exceptions (20 events):
Event: 87.166 Thread 0x00000261eaad5c20 Implicit null exception at 0x00000261d8b89827 to 0x00000261d8b89bbc
Event: 87.224 Thread 0x00000261eaad6fd0 Exception <a 'sun/nio/fs/WindowsException'{0x00000000d5721468}> (0x00000000d5721468) 
thrown [s\src\hotspot\share\prims\jni.cpp, line 520]
Event: 106.992 Thread 0x00000261eaad6fd0 Exception <a 'sun/nio/fs/WindowsException'{0x00000000d55f0010}> (0x00000000d55f0010) 
thrown [s\src\hotspot\share\prims\jni.cpp, line 520]
Event: 107.294 Thread 0x00000261ea4beca0 Exception <a 'java/lang/ArrayIndexOutOfBoundsException'{0x00000000d5684068}: Index 579 out of bounds for length 579> (0x00000000d5684068) 
thrown [s\src\hotspot\share\interpreter\interpreterRuntime.cpp, line 439]
Event: 107.319 Thread 0x00000261eaad6fd0 Exception <a 'sun/nio/fs/WindowsException'{0x00000000d5655c10}> (0x00000000d5655c10) 
thrown [s\src\hotspot\share\prims\jni.cpp, line 520]
Event: 107.546 Thread 0x00000261ea777800 Exception <a 'java/lang/ArrayIndexOutOfBoundsException'{0x00000000d59c1400}: Index 579 out of bounds for length 579> (0x00000000d59c1400) 
thrown [s\src\hotspot\share\interpreter\interpreterRuntime.cpp, line 439]
Event: 108.562 Thread 0x00000261eaad62b0 Implicit null exception at 0x00000261d921ba20 to 0x00000261d921bc40
Event: 109.086 Thread 0x00000261eaad6fd0 Implicit null exception at 0x00000261d91f1cf4 to 0x00000261d91f4410
Event: 109.122 Thread 0x00000261eaad6fd0 Exception <a 'sun/nio/fs/WindowsException'{0x00000000d56d14c8}> (0x00000000d56d14c8) 
thrown [s\src\hotspot\share\prims\jni.cpp, line 520]
Event: 109.534 Thread 0x00000261eaad6fd0 Exception <a 'sun/nio/fs/WindowsException'{0x00000000d571dc70}> (0x00000000d571dc70) 
thrown [s\src\hotspot\share\prims\jni.cpp, line 520]
Event: 115.093 Thread 0x00000261eaad6fd0 Exception <a 'sun/nio/fs/WindowsException'{0x00000000d56574b0}> (0x00000000d56574b0) 
thrown [s\src\hotspot\share\prims\jni.cpp, line 520]
Event: 115.358 Thread 0x00000261eaad6fd0 Exception <a 'sun/nio/fs/WindowsException'{0x00000000d5656c08}> (0x00000000d5656c08) 
thrown [s\src\hotspot\share\prims\jni.cpp, line 520]
Event: 116.393 Thread 0x00000261eaad6fd0 Exception <a 'sun/nio/fs/WindowsException'{0x00000000d57485c0}> (0x00000000d57485c0) 
thrown [s\src\hotspot\share\prims\jni.cpp, line 520]
Event: 116.882 Thread 0x00000261eaad6fd0 Exception <a 'sun/nio/fs/WindowsException'{0x00000000d55ea0b0}> (0x00000000d55ea0b0) 
thrown [s\src\hotspot\share\prims\jni.cpp, line 520]
Event: 122.225 Thread 0x00000261eaad6fd0 Exception <a 'sun/nio/fs/WindowsException'{0x00000000d55b95f8}> (0x00000000d55b95f8) 
thrown [s\src\hotspot\share\prims\jni.cpp, line 520]
Event: 122.505 Thread 0x00000261eaad6fd0 Exception <a 'sun/nio/fs/WindowsException'{0x00000000d56ab658}> (0x00000000d56ab658) 
thrown [s\src\hotspot\share\prims\jni.cpp, line 520]
Event: 129.235 Thread 0x00000261eaad6fd0 Exception <a 'sun/nio/fs/WindowsException'{0x00000000d55bfd48}> (0x00000000d55bfd48) 
thrown [s\src\hotspot\share\prims\jni.cpp, line 520]
Event: 129.508 Thread 0x00000261eaad6fd0 Exception <a 'sun/nio/fs/WindowsException'{0x00000000d5762930}> (0x00000000d5762930) 
thrown [s\src\hotspot\share\prims\jni.cpp, line 520]
Event: 349.377 Thread 0x00000261eaad3b50 Exception <a 'sun/nio/fs/WindowsException'{0x00000000d58f9a50}> (0x00000000d58f9a50) 
thrown [s\src\hotspot\share\prims\jni.cpp, line 520]
Event: 349.378 Thread 0x00000261eaad3b50 Exception <a 'sun/nio/fs/WindowsException'{0x00000000d58fa318}> (0x00000000d58fa318) 
thrown [s\src\hotspot\share\prims\jni.cpp, line 520]

ZGC Phase Switch (0 events):
No events

VM Operations (20 events):
Event: 7576.417 Executing non-safepoint VM operation: HandshakeAllThreads (HandshakeForDeflation)
Event: 7576.417 Executing non-safepoint VM operation: HandshakeAllThreads (HandshakeForDeflation) done
Event: 7576.418 Executing non-safepoint VM operation: RendezvousGCThreads
Event: 7576.418 Executing non-safepoint VM operation: RendezvousGCThreads done
Event: 7696.846 Executing non-safepoint VM operation: HandshakeAllThreads (HandshakeForDeflation)
Event: 7696.846 Executing non-safepoint VM operation: HandshakeAllThreads (HandshakeForDeflation) done
Event: 7696.846 Executing non-safepoint VM operation: RendezvousGCThreads
Event: 7696.846 Executing non-safepoint VM operation: RendezvousGCThreads done
Event: 7756.863 Executing non-safepoint VM operation: HandshakeAllThreads (HandshakeForDeflation)
Event: 7756.863 Executing non-safepoint VM operation: HandshakeAllThreads (HandshakeForDeflation) done
Event: 7756.863 Executing non-safepoint VM operation: RendezvousGCThreads
Event: 7756.863 Executing non-safepoint VM operation: RendezvousGCThreads done
Event: 7877.230 Executing non-safepoint VM operation: HandshakeAllThreads (HandshakeForDeflation)
Event: 7877.230 Executing non-safepoint VM operation: HandshakeAllThreads (HandshakeForDeflation) done
Event: 7877.230 Executing non-safepoint VM operation: RendezvousGCThreads
Event: 7877.230 Executing non-safepoint VM operation: RendezvousGCThreads done
Event: 7937.433 Executing non-safepoint VM operation: HandshakeAllThreads (HandshakeForDeflation)
Event: 7937.433 Executing non-safepoint VM operation: HandshakeAllThreads (HandshakeForDeflation) done
Event: 7937.433 Executing non-safepoint VM operation: RendezvousGCThreads
Event: 7937.433 Executing non-safepoint VM operation: RendezvousGCThreads done

Memory protections (0 events):
No events

Nmethod flushes (20 events):
Event: 116.707 Thread 0x00000261cd91e990 flushing  nmethod 0x00000261d1b11590
Event: 116.707 Thread 0x00000261cd91e990 flushing  nmethod 0x00000261d1b16b10
Event: 116.707 Thread 0x00000261cd91e990 flushing  nmethod 0x00000261d1b29310
Event: 116.707 Thread 0x00000261cd91e990 flushing  nmethod 0x00000261d1b39810
Event: 116.707 Thread 0x00000261cd91e990 flushing  nmethod 0x00000261d1b44510
Event: 116.707 Thread 0x00000261cd91e990 flushing  nmethod 0x00000261d1b48810
Event: 116.707 Thread 0x00000261cd91e990 flushing  nmethod 0x00000261d1b53c90
Event: 116.707 Thread 0x00000261cd91e990 flushing  nmethod 0x00000261d1b56110
Event: 116.707 Thread 0x00000261cd91e990 flushing  nmethod 0x00000261d1b5f810
Event: 116.707 Thread 0x00000261cd91e990 flushing  nmethod 0x00000261d1b8d810
Event: 116.707 Thread 0x00000261cd91e990 flushing  nmethod 0x00000261d1b8e890
Event: 116.707 Thread 0x00000261cd91e990 flushing  nmethod 0x00000261d1b8ed10
Event: 116.707 Thread 0x00000261cd91e990 flushing  nmethod 0x00000261d1b97490
Event: 116.707 Thread 0x00000261cd91e990 flushing  nmethod 0x00000261d1b9a090
Event: 116.707 Thread 0x00000261cd91e990 flushing  nmethod 0x00000261d1b9b510
Event: 116.707 Thread 0x00000261cd91e990 flushing  nmethod 0x00000261d1bddd10
Event: 116.707 Thread 0x00000261cd91e990 flushing  nmethod 0x00000261d1c29010
Event: 116.707 Thread 0x00000261cd91e990 flushing  nmethod 0x00000261d1c2b610
Event: 116.707 Thread 0x00000261cd91e990 flushing  nmethod 0x00000261d1c50c90
Event: 116.707 Thread 0x00000261cd91e990 flushing  nmethod 0x00000261d1c96e90

Events (20 events):
Event: 349.379 Thread 0x00000261eaad3b50 Thread added: 0x00000261f030b5a0
Event: 349.380 Thread 0x00000261f030b5a0 Thread exited: 0x00000261f030b5a0
Event: 349.391 Thread 0x00000261e42f3540 Thread added: 0x00000261ed88c310
Event: 350.217 Thread 0x00000261eba987c0 Thread exited: 0x00000261eba987c0
Event: 350.533 Thread 0x00000261efadc5f0 Thread exited: 0x00000261efadc5f0
Event: 350.561 Thread 0x00000261efade6c0 Thread exited: 0x00000261efade6c0
Event: 350.592 Thread 0x00000261efadcc80 Thread exited: 0x00000261efadcc80
Event: 350.655 Thread 0x00000261efaded50 Thread exited: 0x00000261efaded50
Event: 350.657 Thread 0x00000261efadb8d0 Thread exited: 0x00000261efadb8d0
Event: 354.841 Thread 0x00000261ed88c310 Thread exited: 0x00000261ed88c310
Event: 375.216 Thread 0x00000261ea7750a0 Thread exited: 0x00000261ea7750a0
Event: 415.188 Thread 0x00000261ea770870 Thread exited: 0x00000261ea770870
Event: 416.487 Thread 0x00000261ea775dc0 Thread exited: 0x00000261ea775dc0
Event: 422.324 Thread 0x00000261ea773cf0 Thread exited: 0x00000261ea773cf0
Event: 423.560 Thread 0x00000261ea774380 Thread exited: 0x00000261ea774380
Event: 429.346 Thread 0x00000261ea772940 Thread exited: 0x00000261ea772940
Event: 430.604 Thread 0x00000261ea770f00 Thread exited: 0x00000261ea770f00
Event: 435.246 Thread 0x00000261ea774a10 Thread exited: 0x00000261ea774a10
Event: 495.260 Thread 0x00000261eba97410 Thread exited: 0x00000261eba97410
Event: 555.285 Thread 0x00000261ea776ae0 Thread exited: 0x00000261ea776ae0


Dynamic libraries:
0x00007ff656e70000 - 0x00007ff656e7e000 	c:\Users\ELCOT\.vscode\extensions\redhat.java-1.54.0-win32-x64\jre\21.0.10-win32-x86_64\bin\java.exe
0x00007fff1d700000 - 0x00007fff1d967000 	C:\windows\SYSTEM32\ntdll.dll
0x00007fff1d410000 - 0x00007fff1d4d9000 	C:\windows\System32\KERNEL32.DLL
0x00007fff1af20000 - 0x00007fff1b317000 	C:\windows\System32\KERNELBASE.dll
0x00007fff1a3b0000 - 0x00007fff1a4fb000 	C:\windows\System32\ucrtbase.dll
0x00007fff03400000 - 0x00007fff03418000 	c:\Users\ELCOT\.vscode\extensions\redhat.java-1.54.0-win32-x64\jre\21.0.10-win32-x86_64\bin\jli.dll
0x00007ffefcec0000 - 0x00007ffefcede000 	c:\Users\ELCOT\.vscode\extensions\redhat.java-1.54.0-win32-x64\jre\21.0.10-win32-x86_64\bin\VCRUNTIME140.dll
0x00007fff1c690000 - 0x00007fff1c856000 	C:\windows\System32\USER32.dll
0x00007fff016e0000 - 0x00007fff01972000 	C:\windows\WinSxS\amd64_microsoft.windows.common-controls_6595b64144ccf1df_6.0.26100.8457_none_3e0b2faee331e92d\COMCTL32.dll
0x00007fff1aef0000 - 0x00007fff1af17000 	C:\windows\System32\win32u.dll
0x00007fff1d1e0000 - 0x00007fff1d20b000 	C:\windows\System32\GDI32.dll
0x00007fff1c5a0000 - 0x00007fff1c649000 	C:\windows\System32\msvcrt.dll
0x00007fff1a280000 - 0x00007fff1a3ac000 	C:\windows\System32\gdi32full.dll
0x00007fff1b320000 - 0x00007fff1b3c3000 	C:\windows\System32\msvcp_win.dll
0x00007fff1c650000 - 0x00007fff1c682000 	C:\windows\System32\IMM32.DLL
0x00007fff15830000 - 0x00007fff1583c000 	c:\Users\ELCOT\.vscode\extensions\redhat.java-1.54.0-win32-x64\jre\21.0.10-win32-x86_64\bin\vcruntime140_1.dll
0x00007ffef57a0000 - 0x00007ffef582d000 	c:\Users\ELCOT\.vscode\extensions\redhat.java-1.54.0-win32-x64\jre\21.0.10-win32-x86_64\bin\msvcp140.dll
0x00007ffe78890000 - 0x00007ffe79631000 	c:\Users\ELCOT\.vscode\extensions\redhat.java-1.54.0-win32-x64\jre\21.0.10-win32-x86_64\bin\server\jvm.dll
0x00007fff1c860000 - 0x00007fff1c916000 	C:\windows\System32\ADVAPI32.dll
0x00007fff1c090000 - 0x00007fff1c137000 	C:\windows\System32\sechost.dll
0x00007fff1c390000 - 0x00007fff1c4a8000 	C:\windows\System32\RPCRT4.dll
0x00007fff1d630000 - 0x00007fff1d6b0000 	C:\windows\System32\WS2_32.dll
0x00007fff19f90000 - 0x00007fff19fee000 	C:\windows\SYSTEM32\POWRPROF.dll
0x00007fff11780000 - 0x00007fff117b6000 	C:\windows\SYSTEM32\WINMM.dll
0x00007fff0d4b0000 - 0x00007fff0d4bb000 	C:\windows\SYSTEM32\VERSION.dll
0x00007fff19f70000 - 0x00007fff19f84000 	C:\windows\SYSTEM32\UMPDC.dll
0x00007fff18ec0000 - 0x00007fff18edb000 	C:\windows\SYSTEM32\kernel.appcore.dll
0x00007fff157f0000 - 0x00007fff157fa000 	c:\Users\ELCOT\.vscode\extensions\redhat.java-1.54.0-win32-x64\jre\21.0.10-win32-x86_64\bin\jimage.dll
0x00007fff0da00000 - 0x00007fff0dc42000 	C:\windows\SYSTEM32\DBGHELP.DLL
0x00007fff1b580000 - 0x00007fff1b903000 	C:\windows\System32\combase.dll
0x00007fff1c4b0000 - 0x00007fff1c589000 	C:\windows\System32\OLEAUT32.dll
0x00007ffefeaf0000 - 0x00007ffefeb2b000 	C:\windows\SYSTEM32\dbgcore.DLL
0x00007fff1b3d0000 - 0x00007fff1b478000 	C:\windows\System32\bcryptPrimitives.dll
0x00007fff051f0000 - 0x00007fff051ff000 	c:\Users\ELCOT\.vscode\extensions\redhat.java-1.54.0-win32-x64\jre\21.0.10-win32-x86_64\bin\instrument.dll
0x00007ffef58d0000 - 0x00007ffef58f0000 	c:\Users\ELCOT\.vscode\extensions\redhat.java-1.54.0-win32-x64\jre\21.0.10-win32-x86_64\bin\java.dll
0x00007fff1b910000 - 0x00007fff1c07e000 	C:\windows\System32\SHELL32.dll
0x00007fff1a500000 - 0x00007fff1ad6c000 	C:\windows\System32\windows.storage.dll
0x00007fff1c140000 - 0x00007fff1c236000 	C:\windows\System32\SHCORE.dll
0x00007fff1d540000 - 0x00007fff1d5a6000 	C:\windows\System32\shlwapi.dll
0x00007fff1a050000 - 0x00007fff1a079000 	C:\windows\SYSTEM32\profapi.dll
0x00007ffef58b0000 - 0x00007ffef58c8000 	c:\Users\ELCOT\.vscode\extensions\redhat.java-1.54.0-win32-x64\jre\21.0.10-win32-x86_64\bin\zip.dll
0x00007fff051d0000 - 0x00007fff051e0000 	C:\Users\ELCOT\.vscode\extensions\redhat.java-1.54.0-win32-x64\jre\21.0.10-win32-x86_64\bin\net.dll
0x00007fff10890000 - 0x00007fff109b9000 	C:\windows\SYSTEM32\WINHTTP.dll
0x00007fff19430000 - 0x00007fff1949c000 	C:\windows\system32\mswsock.dll
0x00007ffef5890000 - 0x00007ffef58a6000 	C:\Users\ELCOT\.vscode\extensions\redhat.java-1.54.0-win32-x64\jre\21.0.10-win32-x86_64\bin\nio.dll
0x00007fff032e0000 - 0x00007fff032f0000 	c:\Users\ELCOT\.vscode\extensions\redhat.java-1.54.0-win32-x64\jre\21.0.10-win32-x86_64\bin\verify.dll
0x00007ffef5710000 - 0x00007ffef5755000 	C:\Users\ELCOT\AppData\Roaming\Code\User\globalStorage\redhat.java\1.54.0\config_win\org.eclipse.equinox.launcher\org.eclipse.equinox.launcher.win32.win32.x86_64_1.3.0.v20260203-2149\eclipse_11919.dll
0x00007fff1d040000 - 0x00007fff1d1d7000 	C:\windows\System32\ole32.dll
0x00007ffefceb0000 - 0x00007ffefceba000 	C:\Users\ELCOT\.vscode\extensions\redhat.java-1.54.0-win32-x64\jre\21.0.10-win32-x86_64\bin\management.dll
0x00007ffefc8a0000 - 0x00007ffefc8ac000 	C:\Users\ELCOT\.vscode\extensions\redhat.java-1.54.0-win32-x64\jre\21.0.10-win32-x86_64\bin\management_ext.dll
0x00007fff1d220000 - 0x00007fff1d228000 	C:\windows\System32\PSAPI.DLL
0x00007fff19710000 - 0x00007fff1972b000 	C:\windows\SYSTEM32\CRYPTSP.dll
0x00007fff18e20000 - 0x00007fff18e59000 	C:\windows\system32\rsaenh.dll
0x00007fff194e0000 - 0x00007fff19513000 	C:\windows\SYSTEM32\USERENV.dll
0x00007fff1a020000 - 0x00007fff1a04a000 	C:\windows\SYSTEM32\bcrypt.dll
0x00007fff19730000 - 0x00007fff1973c000 	C:\windows\SYSTEM32\CRYPTBASE.dll
0x00007fff188b0000 - 0x00007fff188e2000 	C:\windows\SYSTEM32\IPHLPAPI.DLL
0x00007fff1cfb0000 - 0x00007fff1cfba000 	C:\windows\System32\NSI.dll
0x00007ffe98600000 - 0x00007ffe98649000 	C:\Users\ELCOT\AppData\Local\Temp\jna-66053985\jna18303524736653904678.dll
0x00007fff11760000 - 0x00007fff1177d000 	C:\windows\SYSTEM32\dhcpcsvc6.DLL
0x00007fff11730000 - 0x00007fff11755000 	C:\windows\SYSTEM32\dhcpcsvc.DLL
0x00007ffef5880000 - 0x00007ffef588e000 	C:\Users\ELCOT\.vscode\extensions\redhat.java-1.54.0-win32-x64\jre\21.0.10-win32-x86_64\bin\sunmscapi.dll
0x00007fff1ad70000 - 0x00007fff1aee8000 	C:\windows\System32\CRYPT32.dll
0x00007fff19930000 - 0x00007fff19960000 	C:\windows\SYSTEM32\ncrypt.dll
0x00007fff198e0000 - 0x00007fff1991f000 	C:\windows\SYSTEM32\NTASN1.dll
0x00007fff18940000 - 0x00007fff18a72000 	C:\windows\SYSTEM32\DNSAPI.dll
0x00007fff10300000 - 0x00007fff1030b000 	C:\Windows\System32\rasadhlp.dll
0x00007fff11840000 - 0x00007fff118c6000 	C:\windows\System32\fwpuclnt.dll
0x00007ffef54d0000 - 0x00007ffef54d9000 	C:\Users\ELCOT\.vscode\extensions\redhat.java-1.54.0-win32-x64\jre\21.0.10-win32-x86_64\bin\extnet.dll

JVMTI agents:
c:\Users\ELCOT\.vscode\extensions\redhat.java-1.54.0-win32-x64\lombok\lombok-1.18.39-4050.jar path:c:\Users\ELCOT\.vscode\extensions\redhat.java-1.54.0-win32-x64\jre\21.0.10-win32-x86_64\bin\instrument.dll, loaded, initialized, instrumentlib options:none

dbghelp: loaded successfully - version: 4.0.5 - missing functions: none
symbol engine: initialized successfully - sym options: 0x614 - pdb path: .;c:\Users\ELCOT\.vscode\extensions\redhat.java-1.54.0-win32-x64\jre\21.0.10-win32-x86_64\bin;C:\windows\SYSTEM32;C:\windows\WinSxS\amd64_microsoft.windows.common-controls_6595b64144ccf1df_6.0.26100.8457_none_3e0b2faee331e92d;c:\Users\ELCOT\.vscode\extensions\redhat.java-1.54.0-win32-x64\jre\21.0.10-win32-x86_64\bin\server;C:\Users\ELCOT\AppData\Roaming\Code\User\globalStorage\redhat.java\1.54.0\config_win\org.eclipse.equinox.launcher\org.eclipse.equinox.launcher.win32.win32.x86_64_1.3.0.v20260203-2149;C:\Users\ELCOT\AppData\Local\Temp\jna-66053985

VM Arguments:
jvm_args: --add-modules=ALL-SYSTEM --add-opens=java.base/java.util=ALL-UNNAMED --add-opens=java.base/java.lang=ALL-UNNAMED --add-opens=java.base/sun.nio.fs=ALL-UNNAMED -Declipse.application=org.eclipse.jdt.ls.core.id1 -Dosgi.bundles.defaultStartLevel=4 -Declipse.product=org.eclipse.jdt.ls.core.product -Djava.import.generatesMetadataFilesAtProjectRoot=false -DDetectVMInstallationsJob.disabled=true -Dfile.encoding=utf8 -XX:+UseParallelGC -XX:GCTimeRatio=4 -XX:AdaptiveSizePolicyWeight=90 -Dsun.zip.disableMemoryMapping=true -Xmx2G -Xms100m -Xlog:disable -javaagent:c:\Users\ELCOT\.vscode\extensions\redhat.java-1.54.0-win32-x64\lombok\lombok-1.18.39-4050.jar -XX:+HeapDumpOnOutOfMemoryError -XX:HeapDumpPath=c:\Users\ELCOT\AppData\Roaming\Code\User\workspaceStorage\6857f2b16cdbe8fc007e0b4b72f69953\redhat.java -Daether.dependencyCollector.impl=bf 
java_command: c:\Users\ELCOT\.vscode\extensions\redhat.java-1.54.0-win32-x64\server\plugins\org.eclipse.equinox.launcher_1.7.100.v20251111-0406.jar -configuration c:\Users\ELCOT\AppData\Roaming\Code\User\globalStorage\redhat.java\1.54.0\config_win -data c:\Users\ELCOT\AppData\Roaming\Code\User\workspaceStorage\6857f2b16cdbe8fc007e0b4b72f69953\redhat.java\jdt_ws --pipe=\\.\pipe\lsp-8d57c18aaca12ede1302b61eae4d14d9-sock
java_class_path (initial): c:\Users\ELCOT\.vscode\extensions\redhat.java-1.54.0-win32-x64\server\plugins\org.eclipse.equinox.launcher_1.7.100.v20251111-0406.jar
Launcher Type: SUN_STANDARD

[Global flags]
    uintx AdaptiveSizePolicyWeight                 = 90                                        {product} {command line}
     intx CICompilerCount                          = 4                                         {product} {ergonomic}
    uintx GCTimeRatio                              = 4                                         {product} {command line}
     bool HeapDumpOnOutOfMemoryError               = true                                   {manageable} {command line}
    ccstr HeapDumpPath                             = c:\Users\ELCOT\AppData\Roaming\Code\User\workspaceStorage\6857f2b16cdbe8fc007e0b4b72f69953\redhat.java         {manageable} {command line}
   size_t InitialHeapSize                          = 104857600                                 {product} {command line}
   size_t MaxHeapSize                              = 2147483648                                {product} {command line}
   size_t MaxNewSize                               = 715653120                                 {product} {ergonomic}
   size_t MinHeapDeltaBytes                        = 524288                                    {product} {ergonomic}
   size_t MinHeapSize                              = 104857600                                 {product} {command line}
   size_t NewSize                                  = 34603008                                  {product} {ergonomic}
    uintx NonNMethodCodeHeapSize                   = 5839372                                {pd product} {ergonomic}
    uintx NonProfiledCodeHeapSize                  = 122909434                              {pd product} {ergonomic}
   size_t OldSize                                  = 70254592                                  {product} {ergonomic}
    uintx ProfiledCodeHeapSize                     = 122909434                              {pd product} {ergonomic}
    uintx ReservedCodeCacheSize                    = 251658240                              {pd product} {ergonomic}
     bool SegmentedCodeCache                       = true                                      {product} {ergonomic}
   size_t SoftMaxHeapSize                          = 2147483648                             {manageable} {ergonomic}
     bool UseCompressedOops                        = true                           {product lp64_product} {ergonomic}
     bool UseLargePagesIndividualAllocation        = false                                  {pd product} {ergonomic}
     bool UseParallelGC                            = true                                      {product} {command line}

Logging:
Log output configuration:
 #0: stdout all=off uptime,level,tags foldmultilines=false
 #1: stderr all=off uptime,level,tags foldmultilines=false

Release file:
JAVA_VERSION="21.0.10" 
MODULES="java.base java.compiler java.datatransfer java.xml java.prefs java.desktop java.instrument java.logging java.management java.security.sasl java.naming java.rmi java.management.rmi java.net.http java.scripting java.security.jgss java.transaction.xa java.sql java.sql.rowset java.xml.crypto java.se java.smartcardio jdk.accessibility jdk.internal.jvmstat jdk.attach jdk.charsets jdk.internal.opt jdk.zipfs jdk.compiler jdk.crypto.ec jdk.crypto.cryptoki jdk.crypto.mscapi jdk.dynalink jdk.internal.ed jdk.editpad jdk.hotspot.agent jdk.httpserver jdk.internal.le jdk.internal.vm.ci jdk.internal.vm.compiler jdk.internal.vm.compiler.management jdk.jartool jdk.javadoc jdk.jcmd jdk.management jdk.management.agent jdk.jconsole jdk.jdeps jdk.jdwp.agent jdk.jdi jdk.jfr jdk.jshell jdk.jsobject jdk.jstatd jdk.localedata jdk.management.jfr jdk.naming.dns jdk.naming.rmi jdk.net jdk.nio.mapmode jdk.random jdk.sctp jdk.security.auth jdk.security.jgss jdk.unsupported jdk.unsupported.desktop jdk.xml.dom" 

Environment Variables:
PATH=C:\Program Files\Common Files\Oracle\Java\javapath;C:\windows\system32;C:\windows;C:\windows\System32\Wbem;C:\windows\System32\WindowsPowerShell\v1.0\;C:\windows\System32\OpenSSH\;C:\Program Files\Git\cmd;C:\Program Files\Git\bin;C:\Program Files\nodejs\;C:\Program Files\Java\jdk-21\bin;C:\Users\ELCOT\AppData\Local\Programs\Python\Python314\;C:\Users\ELCOT\AppData\Local\Programs\Python\Python312\Scripts;C:\Users\ELCOT\OneDrive\apache-maven-3.9.14-bin\apache-maven-3.9.14\bin;C:\Program Files\MySQL\MySQL Server 8.0\bin;C:\Program Files\MySQL\MySQL Shell 8.0\bin\;C:\Users\ELCOT\AppData\Local\Microsoft\WindowsApps;C:\Users\ELCOT\AppData\Local\Programs\Microsoft VS Code\bin;C:\ProgramData\ELCOT\GitHubDesktop\bin;C:\Users\ELCOT\AppData\Roaming\npm;C:\Users\ELCOT\AppData\Local\Programs\cursor\resources\app\bin
USERNAME=ELCOT
OS=Windows_NT
PROCESSOR_IDENTIFIER=AMD64 Family 23 Model 160 Stepping 0, AuthenticAMD
TMP=C:\Users\ELCOT\AppData\Local\Temp
TEMP=C:\Users\ELCOT\AppData\Local\Temp




Periodic native trim disabled

---------------  S Y S T E M  ---------------

OS:
 Windows 11 , 64 bit Build 26100 (10.0.26100.8328)
OS uptime: 0 days 5:26 hours
Hyper-V role detected

CPU: total 8 (initial active 8) (8 cores per cpu, 2 threads per core) family 23 model 160 stepping 0 microcode 0x8a0000b, cx8, cmov, fxsr, ht, mmx, 3dnowpref, sse, sse2, sse3, ssse3, sse4a, sse4.1, sse4.2, popcnt, lzcnt, tsc, tscinvbit, avx, avx2, aes, clmul, bmi1, bmi2, adx, sha, fma, vzeroupper, clflush, clflushopt, hv, rdtscp, rdpid, f16c
Processor Information for the first 8 processors :
  Max Mhz: 2401, Current Mhz: 2401, Mhz Limit: 2401

Memory: 4k page, system-wide physical 7412M (544M free)
TotalPageFile size 24930M (AvailPageFile size 4M)
current process WorkingSet (physical memory assigned to process): 11M, peak: 1596M
current process commit charge ("private bytes"): 1497M, peak: 1524M

vm_info: OpenJDK 64-Bit Server VM (21.0.10+7-LTS) for windows-amd64 JRE (21.0.10+7-LTS), built on 2026-01-20T00:00:00Z by "admin" with MS VC++ 17.12 (VS2022)

END.
